2025-10-20 17:37:37,974 - INFO - Iniciando treinamento refinado...
2025-10-20 17:37:38,010 - INFO - Adicionando features sazonais e derivadas...
2025-10-20 17:37:38,032 - INFO - Tamanho treino: 720, teste: 181
2025-10-20 17:37:38,114 - INFO - Baseline Persistência: {'R2': -0.1924545496153296, 'RMSE': 0.8528468523840721, 'MAE': 0.6209515259551028}
2025-10-20 17:37:38,114 - INFO - Baseline Média Móvel (3d): {'R2': 0.49773841781046535, 'RMSE': 0.5534967991150225, 'MAE': 0.42611397609010715}
2025-10-20 17:37:38,115 - INFO - Treinando modelo: RandomForest...
2025-10-20 17:39:24,106 - INFO - Iniciando treinamento refinado...
2025-10-20 17:39:24,146 - INFO - Iniciando pré-processamento e feature engineering...
2025-10-20 17:39:24,149 - INFO - Codificando variáveis categóricas: ['AQI_category_next_1d']
2025-10-20 17:39:24,183 - INFO - Tamanho treino: 720, teste: 181
2025-10-20 17:39:24,265 - INFO - Baseline Persistência: {'R2': -0.1924545496153296, 'RMSE': 0.8528468523840721, 'MAE': 0.6209515259551028}
2025-10-20 17:39:24,266 - INFO - Baseline Média Móvel (3d): {'R2': 0.49773841781046535, 'RMSE': 0.5534967991150225, 'MAE': 0.42611397609010715}
2025-10-20 17:39:24,266 - INFO - Treinando modelo: RandomForest...
2025-10-20 17:40:25,366 - INFO - RandomForest melhor configuração: {'max_depth': 15, 'min_samples_leaf': 2, 'n_estimators': 200}; RMSE(CV): 0.504
2025-10-20 17:40:25,413 - INFO - RandomForest (Holdout): {'R2': 0.7000818498621111, 'RMSE': 0.4277120716477604, 'MAE': 0.3493184767410381}
2025-10-20 17:40:26,145 - INFO - Treinando modelo: XGBoost...
2025-10-20 17:42:59,427 - INFO - XGBoost melhor configuração: {'learning_rate': 0.2, 'max_depth': 8, 'n_estimators': 200, 'subsample': 0.7}; RMSE(CV): 0.498
2025-10-20 17:42:59,457 - INFO - XGBoost (Holdout): {'R2': 0.6659366443368241, 'RMSE': 0.45140311649534176, 'MAE': 0.3581484966640668}
2025-10-20 17:43:00,206 - INFO - Resultados salvos em ..\..\reports\model_refined\refined_model_results.json
2025-10-20 17:43:00,206 - INFO - Treinamento refinado concluído com sucesso.
2025-10-21 15:43:25,337 - INFO - Iniciando treinamento refinado...
2025-10-21 15:49:24,700 - INFO - Iniciando treinamento refinado de modelos com previsão de 3 dias e dados de saúde...
2025-10-21 15:49:24,737 - INFO - Iniciando pré-processamento e limpeza de features...
2025-10-21 15:49:24,739 - INFO - Variáveis categóricas codificadas: ['AQI_category_next_3d']
2025-10-21 15:49:24,770 - INFO - Tamanho treino: 719, teste: 180
2025-10-21 15:49:24,850 - INFO - Treinando modelo: RandomForest...
2025-10-21 15:50:30,160 - INFO - RandomForest melhor configuração: {'max_depth': 15, 'min_samples_leaf': 2, 'n_estimators': 400}; RMSE(CV): 0.602
2025-10-21 15:50:30,257 - INFO - RandomForest (Holdout): {'R2': 0.6246041073575115, 'RMSE': 0.47936019610176456, 'MAE': 0.3855005579484115}
2025-10-21 15:50:31,233 - INFO - Treinando modelo: XGBoost...
2025-10-21 15:53:04,052 - INFO - XGBoost melhor configuração: {'learning_rate': 0.05, 'max_depth': 8, 'n_estimators': 200, 'subsample': 1.0}; RMSE(CV): 0.598
2025-10-21 15:53:04,071 - INFO - XGBoost (Holdout): {'R2': 0.618150111895345, 'RMSE': 0.48346333653643436, 'MAE': 0.38451137513172895}
2025-10-21 15:53:04,750 - INFO - Treinamento refinado concluído com sucesso.
2025-10-21 15:53:04,750 - INFO - Resultados e modelos salvos em ..\..\reports\model_refined
2025-10-21 16:04:54,083 - INFO - Iniciando treinamento refinado de modelos com previsão de 3 dias e dados de saúde...
2025-10-21 16:04:54,121 - INFO - Iniciando pré-processamento e limpeza de features...
2025-10-21 16:04:54,123 - INFO - Variáveis categóricas codificadas: ['AQI_category_next_3d']
2025-10-21 16:04:54,150 - INFO - Tamanho treino: 719, teste: 180
2025-10-21 16:04:54,231 - INFO - Treinando modelo: RandomForest...
2025-10-21 16:06:07,214 - INFO - RandomForest melhor configuração: {'max_depth': 15, 'min_samples_leaf': 2, 'n_estimators': 400}; RMSE(CV): 0.602
2025-10-21 16:06:07,322 - INFO - RandomForest (Holdout): {'R2': 0.6246041073575115, 'RMSE': 0.4793601961017645, 'MAE': 0.3855005579484115}
2025-10-21 16:06:08,321 - INFO - Treinando modelo: XGBoost...
2025-10-21 16:09:02,559 - INFO - XGBoost melhor configuração: {'learning_rate': 0.05, 'max_depth': 8, 'n_estimators': 200, 'subsample': 1.0}; RMSE(CV): 0.598
2025-10-21 16:09:02,582 - INFO - XGBoost (Holdout): {'R2': 0.618150111895345, 'RMSE': 0.48346333653643436, 'MAE': 0.38451137513172895}
2025-10-21 16:09:03,466 - INFO - Treinamento refinado concluído com sucesso.
2025-10-21 16:09:03,466 - INFO - Resultados e modelos salvos em ..\..\reports\model_refined
